<?xml version="1.0" encoding="UTF-8"?>
<!-- Generated by org.testng.reporters.JUnitReportReporter -->
<testsuite hostname="LAPTOP-GTAODCOD" failures="0" tests="1" name="Test.AmazonSearchTest" time="34.039" errors="0" timestamp="2022-04-29T10:07:05 IST" skipped="0">
  <testcase classname="Test.AmazonSearchTest" name="SearchWatches" time="34.039"/>
  <system-out/>
</testsuite> <!-- Test.AmazonSearchTest -->
