<?xml version="1.0" encoding="UTF-8"?>
<!-- Generated by org.testng.reporters.JUnitReportReporter -->
<testsuite hostname="LAPTOP-GTAODCOD" failures="0" tests="1" name="Test.BuyTestIBM" time="8.780" errors="0" timestamp="2022-05-03T23:13:30 IST" skipped="0">
  <testcase classname="Test.BuyTestIBM" name="loginWithValidCredentials" time="8.780"/>
  <system-out/>
</testsuite> <!-- Test.BuyTestIBM -->
